2023-02-06 23:28:24.404 [main] INFO  org.example.QueryExecutor - pcoselyw@biglobe.ne.jp
2023-02-06 23:28:24.407 [main] INFO  org.example.QueryExecutor - ppaginy@yelp.com
2023-02-06 23:28:24.407 [main] INFO  org.example.QueryExecutor - pchell57@telegraph.co.uk
2023-02-06 23:28:24.407 [main] INFO  org.example.QueryExecutor - plegallo5g@posterous.com
2023-02-06 23:28:24.407 [main] INFO  org.example.QueryExecutor - pterlinden6v@shop-pro.jp
2023-02-06 23:28:24.407 [main] INFO  org.example.QueryExecutor - pmegahey81@mtv.com
2023-02-06 23:28:24.407 [main] INFO  org.example.QueryExecutor - pnormadell87@blog.com
2023-02-06 23:28:24.408 [main] INFO  org.example.QueryExecutor - pwignall8m@newsvine.com
2023-02-06 23:28:24.408 [main] INFO  org.example.QueryExecutor - pogorman8z@aboutads.info
2023-02-06 23:28:24.408 [main] INFO  org.example.QueryExecutor - pkirkhamad@trellian.com
2023-02-06 23:28:24.408 [main] INFO  org.example.QueryExecutor - pkemeaq@youku.com
2023-02-06 23:28:24.408 [main] INFO  org.example.QueryExecutor - pkidb4@buzzfeed.com
2023-02-06 23:28:24.408 [main] INFO  org.example.QueryExecutor - psnoddenbf@yellowpages.com
2023-02-06 23:28:24.408 [main] INFO  org.example.QueryExecutor - pboldingbi@liveinternet.ru
2023-02-06 23:28:24.408 [main] INFO  org.example.QueryExecutor - plyenyngcu@linkedin.com
2023-02-06 23:28:24.409 [main] INFO  org.example.QueryExecutor - pgiggieeh@cisco.com
2023-02-06 23:28:24.409 [main] INFO  org.example.QueryExecutor - pchessorg3@tripadvisor.com
2023-02-06 23:28:24.409 [main] INFO  org.example.QueryExecutor - pjuliengj@opensource.org
2023-02-06 23:28:24.409 [main] INFO  org.example.QueryExecutor - pleitchekr@webmd.com
2023-02-06 23:28:24.409 [main] INFO  org.example.QueryExecutor - pbidwellmz@last.fm
2023-02-06 23:28:24.409 [main] INFO  org.example.QueryExecutor - pbandyoi@guardian.co.uk
2023-02-06 23:28:24.409 [main] INFO  org.example.QueryExecutor - pdrewespq@baidu.com
2023-02-06 23:28:24.410 [main] INFO  org.example.QueryExecutor - pselfr5@dmoz.org
